# JRE version: Java(TM) SE Runtime Environment (8.0_261-b12) (build 1.8.0_261-b12)
# Java VM: Java HotSpot(TM) 64-Bit Server VM (25.261-b12 mixed mode windows-amd64 compressed oops)
Heap:
 PSYoungGen      total 333824K, used 7967K [0x00000000eb600000, 0x0000000100000000, 0x0000000100000000)
  eden space 329728K, 1% used [0x00000000eb600000,0x00000000eb9dbee0,0x00000000ff800000)
  from space 4096K, 98% used [0x00000000ff800000,0x00000000ffbebec0,0x00000000ffc00000)
  to   space 4096K, 0% used [0x00000000ffc00000,0x00000000ffc00000,0x0000000100000000)
 ParOldGen       total 597504K, used 509526K [0x00000000c2200000, 0x00000000e6980000, 0x00000000eb600000)
  object space 597504K, 85% used [0x00000000c2200000,0x00000000e1395b40,0x00000000e6980000)
 Metaspace       used 3295K, capacity 4600K, committed 4864K, reserved 1056768K
  class space    used 382K, capacity 424K, committed 512K, reserved 1048576K
GC Heap History (10 events):
Event: 3248.553 GC heap before
{Heap before GC invocations=25163 (full 222):
 PSYoungGen      total 333824K, used 330584K [0x00000000eb600000, 0x0000000100000000, 0x0000000100000000)
  eden space 329728K, 99% used [0x00000000eb600000,0x00000000ff4f2378,0x00000000ff800000)
  from space 4096K, 97% used [0x00000000ffc00000,0x00000000fffe3d20,0x0000000100000000)
  to   space 4096K, 0% used [0x00000000ff800000,0x00000000ff800000,0x00000000ffc00000)
 ParOldGen       total 597504K, used 497672K [0x00000000c2200000, 0x00000000e6980000, 0x00000000eb600000)
  object space 597504K, 83% used [0x00000000c2200000,0x00000000e0802148,0x00000000e6980000)
 Metaspace       used 3286K, capacity 4600K, committed 4864K, reserved 1056768K
  class space    used 382K, capacity 424K, committed 512K, reserved 1048576K
Event: 3248.574 GC heap after
Heap after GC invocations=25163 (full 222):
 PSYoungGen      total 333824K, used 3983K [0x00000000eb600000, 0x0000000100000000, 0x0000000100000000)
  eden space 329728K, 0% used [0x00000000eb600000,0x00000000eb600000,0x00000000ff800000)
  from space 4096K, 97% used [0x00000000ff800000,0x00000000ffbe3d78,0x00000000ffc00000)
  to   space 4096K, 0% used [0x00000000ffc00000,0x00000000ffc00000,0x0000000100000000)
 ParOldGen       total 597504K, used 501623K [0x00000000c2200000, 0x00000000e6980000, 0x00000000eb600000)
  object space 597504K, 83% used [0x00000000c2200000,0x00000000e0bddec0,0x00000000e6980000)
 Metaspace       used 3286K, capacity 4600K, committed 4864K, reserved 1056768K
  class space    used 382K, capacity 424K, committed 512K, reserved 1048576K
}
Event: 3248.736 GC heap before
{Heap before GC invocations=25164 (full 222):
 PSYoungGen      total 333824K, used 330590K [0x00000000eb600000, 0x0000000100000000, 0x0000000100000000)
  eden space 329728K, 99% used [0x00000000eb600000,0x00000000ff4f3d78,0x00000000ff800000)
  from space 4096K, 97% used [0x00000000ff800000,0x00000000ffbe3d78,0x00000000ffc00000)
  to   space 4096K, 0% used [0x00000000ffc00000,0x00000000ffc00000,0x0000000100000000)
 ParOldGen       total 597504K, used 501623K [0x00000000c2200000, 0x00000000e6980000, 0x00000000eb600000)
  object space 597504K, 83% used [0x00000000c2200000,0x00000000e0bddec0,0x00000000e6980000)
 Metaspace       used 3286K, capacity 4600K, committed 4864K, reserved 1056768K
  class space    used 382K, capacity 424K, committed 512K, reserved 1048576K
Event: 3248.741 GC heap after
Heap after GC invocations=25164 (full 222):
 PSYoungGen      total 333824K, used 3983K [0x00000000eb600000, 0x0000000100000000, 0x0000000100000000)
  eden space 329728K, 0% used [0x00000000eb600000,0x00000000eb600000,0x00000000ff800000)
  from space 4096K, 97% used [0x00000000ffc00000,0x00000000fffe3dc8,0x0000000100000000)
  to   space 4096K, 0% used [0x00000000ff800000,0x00000000ff800000,0x00000000ffc00000)
 ParOldGen       total 597504K, used 501623K [0x00000000c2200000, 0x00000000e6980000, 0x00000000eb600000)
  object space 597504K, 83% used [0x00000000c2200000,0x00000000e0bddec0,0x00000000e6980000)
 Metaspace       used 3286K, capacity 4600K, committed 4864K, reserved 1056768K
  class space    used 382K, capacity 424K, committed 512K, reserved 1048576K
}
Event: 3248.926 GC heap before
{Heap before GC invocations=25165 (full 222):
 PSYoungGen      total 333824K, used 330597K [0x00000000eb600000, 0x0000000100000000, 0x0000000100000000)
  eden space 329728K, 99% used [0x00000000eb600000,0x00000000ff4f5768,0x00000000ff800000)
  from space 4096K, 97% used [0x00000000ffc00000,0x00000000fffe3dc8,0x0000000100000000)
  to   space 4096K, 0% used [0x00000000ff800000,0x00000000ff800000,0x00000000ffc00000)
 ParOldGen       total 597504K, used 501623K [0x00000000c2200000, 0x00000000e6980000, 0x00000000eb600000)
  object space 597504K, 83% used [0x00000000c2200000,0x00000000e0bddec0,0x00000000e6980000)
 Metaspace       used 3286K, capacity 4600K, committed 4864K, reserved 1056768K
  class space    used 382K, capacity 424K, committed 512K, reserved 1048576K
Event: 3248.944 GC heap after
Heap after GC invocations=25165 (full 222):
 PSYoungGen      total 333824K, used 3983K [0x00000000eb600000, 0x0000000100000000, 0x0000000100000000)
  eden space 329728K, 0% used [0x00000000eb600000,0x00000000eb600000,0x00000000ff800000)
  from space 4096K, 97% used [0x00000000ff800000,0x00000000ffbe3e18,0x00000000ffc00000)
  to   space 4096K, 0% used [0x00000000ffc00000,0x00000000ffc00000,0x0000000100000000)
 ParOldGen       total 597504K, used 505575K [0x00000000c2200000, 0x00000000e6980000, 0x00000000eb600000)
  object space 597504K, 84% used [0x00000000c2200000,0x00000000e0fb9cd8,0x00000000e6980000)
 Metaspace       used 3286K, capacity 4600K, committed 4864K, reserved 1056768K
  class space    used 382K, capacity 424K, committed 512K, reserved 1048576K
}
Event: 3249.113 GC heap before
{Heap before GC invocations=25166 (full 222):
 PSYoungGen      total 333824K, used 330603K [0x00000000eb600000, 0x0000000100000000, 0x0000000100000000)
  eden space 329728K, 99% used [0x00000000eb600000,0x00000000ff4f7160,0x00000000ff800000)
  from space 4096K, 97% used [0x00000000ff800000,0x00000000ffbe3e18,0x00000000ffc00000)
  to   space 4096K, 0% used [0x00000000ffc00000,0x00000000ffc00000,0x0000000100000000)
 ParOldGen       total 597504K, used 505575K [0x00000000c2200000, 0x00000000e6980000, 0x00000000eb600000)
  object space 597504K, 84% used [0x00000000c2200000,0x00000000e0fb9cd8,0x00000000e6980000)
 Metaspace       used 3286K, capacity 4600K, committed 4864K, reserved 1056768K
  class space    used 382K, capacity 424K, committed 512K, reserved 1048576K
Event: 3249.132 GC heap after
Heap after GC invocations=25166 (full 222):
 PSYoungGen      total 333824K, used 3983K [0x00000000eb600000, 0x0000000100000000, 0x0000000100000000)
  eden space 329728K, 0% used [0x00000000eb600000,0x00000000eb600000,0x00000000ff800000)
  from space 4096K, 97% used [0x00000000ffc00000,0x00000000fffe3e68,0x0000000100000000)
  to   space 4096K, 0% used [0x00000000ff800000,0x00000000ff800000,0x00000000ffc00000)
 ParOldGen       total 597504K, used 509526K [0x00000000c2200000, 0x00000000e6980000, 0x00000000eb600000)
  object space 597504K, 85% used [0x00000000c2200000,0x00000000e1395b40,0x00000000e6980000)
 Metaspace       used 3286K, capacity 4600K, committed 4864K, reserved 1056768K
  class space    used 382K, capacity 424K, committed 512K, reserved 1048576K
}
Event: 3249.572 GC heap before
{Heap before GC invocations=25167 (full 222):
 PSYoungGen      total 333824K, used 330715K [0x00000000eb600000, 0x0000000100000000, 0x0000000100000000)
  eden space 329728K, 99% used [0x00000000eb600000,0x00000000ff512ff8,0x00000000ff800000)
  from space 4096K, 97% used [0x00000000ffc00000,0x00000000fffe3e68,0x0000000100000000)
  to   space 4096K, 0% used [0x00000000ff800000,0x00000000ff800000,0x00000000ffc00000)
 ParOldGen       total 597504K, used 509526K [0x00000000c2200000, 0x00000000e6980000, 0x00000000eb600000)
  object space 597504K, 85% used [0x00000000c2200000,0x00000000e1395b40,0x00000000e6980000)
 Metaspace       used 3295K, capacity 4600K, committed 4864K, reserved 1056768K
  class space    used 382K, capacity 424K, committed 512K, reserved 1048576K
Event: 3249.592 GC heap after
Heap after GC invocations=25167 (full 222):
 PSYoungGen      total 333824K, used 4015K [0x00000000eb600000, 0x0000000100000000, 0x0000000100000000)
  eden space 329728K, 0% used [0x00000000eb600000,0x00000000eb600000,0x00000000ff800000)
  from space 4096K, 98% used [0x00000000ff800000,0x00000000ffbebec0,0x00000000ffc00000)
  to   space 4096K, 0% used [0x00000000ffc00000,0x00000000ffc00000,0x0000000100000000)
 ParOldGen       total 597504K, used 509526K [0x00000000c2200000, 0x00000000e6980000, 0x00000000eb600000)
  object space 597504K, 85% used [0x00000000c2200000,0x00000000e1395b40,0x00000000e6980000)
 Metaspace       used 3295K, capacity 4600K, committed 4864K, reserved 1056768K
  class space    used 382K, capacity 424K, committed 512K, reserved 1048576K
}

